<?xml version="1.0" encoding="UTF-8"?>
<!-- Generated by org.testng.reporters.JUnitReportReporter -->
<testsuite hostname="SHRIDHAR-PC" failures="0" tests="2" name="PractiseMode.MavenJob.FirstTest" time="0.012" errors="0" timestamp="2020-09-24T21:18:48 IST" skipped="0">
  <testcase classname="PractiseMode.MavenJob.FirstTest" name="test2" time="0.000"/>
  <system-out/>
  <testcase classname="PractiseMode.MavenJob.FirstTest" name="test1" time="0.012"/>
  <system-out/>
</testsuite> <!-- PractiseMode.MavenJob.FirstTest -->
